#
# There is insufficient memory for the Java Runtime Environment to continue.
# Native memory allocation (mmap) failed to map 536870912 bytes for G1 virtual space
# Possible reasons:
#   The system is out of physical RAM or swap space
#   The process is running with CompressedOops enabled, and the Java Heap may be blocking the growth of the native heap
# Possible solutions:
#   Reduce memory load on the system
#   Increase physical memory or swap space
#   Check if swap backing store is full
#   Decrease Java heap size (-Xmx/-Xms)
#   Decrease number of Java threads
#   Decrease Java thread stack sizes (-Xss)
#   Set larger code cache with -XX:ReservedCodeCacheSize=
#   JVM is running with Unscaled Compressed Oops mode in which the Java heap is
#     placed in the first 4GB address space. The Java Heap base address is the
#     maximum limit for the native heap growth. Please use -XX:HeapBaseMinAddress
#     to set the Java Heap base and to place the Java Heap above 4GB virtual address.
# This output file may be truncated or incomplete.
#
#  Out of Memory Error (os_windows.cpp:3530), pid=17896, tid=3180
#
# JRE version:  (18.0.1.1+2) (build )
# Java VM: Java HotSpot(TM) 64-Bit Server VM (18.0.1.1+2-6, mixed mode, sharing, tiered, compressed oops, compressed class ptrs, g1 gc, windows-amd64)
# No core dump will be written. Minidumps are not enabled by default on client versions of Windows
#

---------------  S U M M A R Y ------------

Command Line: -Dfile.encoding=UTF-8 --module-path=C:\Users\prath\OneDrive\Documents\NetBeansProjects\University Management System\build\classes -Xms512m university.management.system.AddStudent

Host: AMD Ryzen 5 5600H with Radeon Graphics         , 12 cores, 7G,  Windows 11 , 64 bit Build 22000 (10.0.22000.708)
Time: Sun Apr 30 13:27:26 2023 India Standard Time elapsed time: 0.007885 seconds (0d 0h 0m 0s)

---------------  T H R E A D  ---------------

Current thread (0x0000029ae1ed8e60):  JavaThread "Unknown thread" [_thread_in_vm, id=3180, stack(0x000000fc50400000,0x000000fc50500000)]

Stack: [0x000000fc50400000,0x000000fc50500000]
Native frames: (J=compiled Java code, j=interpreted, Vv=VM code, C=native code)
V  [jvm.dll+0x69887a]
V  [jvm.dll+0x7f38bd]
V  [jvm.dll+0x7f51ce]
V  [jvm.dll+0x7f5883]
V  [jvm.dll+0x25ca3f]
V  [jvm.dll+0x6957c9]
V  [jvm.dll+0x68a2fa]
V  [jvm.dll+0x321efb]
V  [jvm.dll+0x3298d6]
V  [jvm.dll+0x37e47e]
V  [jvm.dll+0x37e6af]
V  [jvm.dll+0x2f9c7a]
V  [jvm.dll+0x2facdd]
V  [jvm.dll+0x7c24f0]
V  [jvm.dll+0x38b801]
V  [jvm.dll+0x7a1203]
V  [jvm.dll+0x40d6bf]
V  [jvm.dll+0x40f091]
C  [jli.dll+0x526b]
C  [ucrtbase.dll+0x26c0c]
C  [KERNEL32.DLL+0x154e0]
C  [ntdll.dll+0x485b]


---------------  P R O C E S S  ---------------

Threads class SMR info:
_java_thread_list=0x00007ffeb2ccd550, length=0, elements={
}

Java Threads: ( => current thread )

Other Threads:
  0x0000029ae1f34a50 WorkerThread "GC Thread#0" [stack: 0x000000fc50500000,0x000000fc50600000] [id=17364]
  0x0000029ae1f44620 ConcurrentGCThread "G1 Main Marker" [stack: 0x000000fc50600000,0x000000fc50700000] [id=12360]
  0x0000029ae1f467c0 WorkerThread "G1 Conc#0" [stack: 0x000000fc50700000,0x000000fc50800000] [id=6484]

[error occurred during error reporting (printing all threads), id 0xc0000005, EXCEPTION_ACCESS_VIOLATION (0xc0000005) at pc=0x00007ffeb24fa217]

VM state: not at safepoint (not fully initialized)

VM Mutex/Monitor currently owned by a thread:  ([mutex/lock_event])
[0x0000029ae1ed61c0] Heap_lock - owner thread: 0x0000029ae1ed8e60

Heap address: 0x000000008a600000, size: 1882 MB, Compressed Oops mode: 32-bit

CDS archive(s) mapped at: [0x0000000000000000-0x0000000000000000-0x0000000000000000), size 0, SharedBaseAddress: 0x0000000800000000, ArchiveRelocationMode: 0.
Narrow klass base: 0x0000000000000000, Narrow klass shift: 0, Narrow klass range: 0x0

GC Precious Log:
 CardTable entry size: 512
 Card Set container configuration: InlinePtr #cards 5 size 8 Array Of Cards #cards 12 size 40 Howl #buckets 4 coarsen threshold 1843 Howl Bitmap #cards 512 size 80 coarsen threshold 460 Card regions per heap region 1 cards per card region 2048

Heap:
 garbage-first heap   total 0K, used 0K [0x000000008a600000, 0x0000000100000000)
  region size 1024K, 0 young (0K), 0 survivors (0K)

[error occurred during error reporting (printing heap information), id 0xc0000005, EXCEPTION_ACCESS_VIOLATION (0xc0000005) at pc=0x00007ffeb28e0cb9]

GC Heap History (0 events):
No events

Deoptimization events (0 events):
No events

Classes loaded (0 events):
No events

Classes unloaded (0 events):
No events

Classes redefined (0 events):
No events

Internal exceptions (0 events):
No events

VM Operations (0 events):
No events

Events (1 events):
Event: 0.005 Loaded shared library C:\Program Files\Java\jdk-18.0.1.1\bin\java.dll


Dynamic libraries:
0x00007ff727e40000 - 0x00007ff727e50000 	C:\Program Files\Java\jdk-18.0.1.1\bin\java.exe
0x00007fff1e0c0000 - 0x00007fff1e2c9000 	C:\windows\SYSTEM32\ntdll.dll
0x00007fff1d170000 - 0x00007fff1d22d000 	C:\windows\System32\KERNEL32.DLL
0x00007fff1bab0000 - 0x00007fff1be2d000 	C:\windows\System32\KERNELBASE.dll
0x00007fff1b8d0000 - 0x00007fff1b9e1000 	C:\windows\System32\ucrtbase.dll
0x00007fff17700000 - 0x00007fff17718000 	C:\Program Files\Java\jdk-18.0.1.1\bin\jli.dll
0x00007fff15380000 - 0x00007fff1539a000 	C:\Program Files\Java\jdk-18.0.1.1\bin\VCRUNTIME140.dll
0x00007fff1d230000 - 0x00007fff1d2de000 	C:\windows\System32\ADVAPI32.dll
0x00007fff1d020000 - 0x00007fff1d0c3000 	C:\windows\System32\msvcrt.dll
0x00007fff1d0d0000 - 0x00007fff1d16e000 	C:\windows\System32\sechost.dll
0x00007fff1d4b0000 - 0x00007fff1d5d0000 	C:\windows\System32\RPCRT4.dll
0x00007fff1d300000 - 0x00007fff1d4ad000 	C:\windows\System32\USER32.dll
0x00007fff1be30000 - 0x00007fff1be56000 	C:\windows\System32\win32u.dll
0x00007fff01470000 - 0x00007fff01715000 	C:\windows\WinSxS\amd64_microsoft.windows.common-controls_6595b64144ccf1df_6.0.22000.120_none_9d947278b86cc467\COMCTL32.dll
0x00007fff1df70000 - 0x00007fff1df99000 	C:\windows\System32\GDI32.dll
0x00007fff1b7b0000 - 0x00007fff1b8c8000 	C:\windows\System32\gdi32full.dll
0x00007fff1b5a0000 - 0x00007fff1b63d000 	C:\windows\System32\msvcp_win.dll
0x00007fff127b0000 - 0x00007fff127ba000 	C:\windows\SYSTEM32\VERSION.dll
0x00007fff1e040000 - 0x00007fff1e071000 	C:\windows\System32\IMM32.DLL
0x00007fff16b40000 - 0x00007fff16b4c000 	C:\Program Files\Java\jdk-18.0.1.1\bin\vcruntime140_1.dll
0x00007fff004e0000 - 0x00007fff0056d000 	C:\Program Files\Java\jdk-18.0.1.1\bin\msvcp140.dll
0x00007ffeb21f0000 - 0x00007ffeb2e00000 	C:\Program Files\Java\jdk-18.0.1.1\bin\server\jvm.dll
0x00007fff1c330000 - 0x00007fff1c338000 	C:\windows\System32\PSAPI.DLL
0x00007fff13630000 - 0x00007fff13663000 	C:\windows\SYSTEM32\WINMM.dll
0x00007fff17f30000 - 0x00007fff17f39000 	C:\windows\SYSTEM32\WSOCK32.dll
0x00007fff1bf50000 - 0x00007fff1bfbf000 	C:\windows\System32\WS2_32.dll
0x00007fff1a660000 - 0x00007fff1a678000 	C:\windows\SYSTEM32\kernel.appcore.dll
0x00007fff15350000 - 0x00007fff1535a000 	C:\Program Files\Java\jdk-18.0.1.1\bin\jimage.dll
0x00007fff09070000 - 0x00007fff09291000 	C:\windows\SYSTEM32\DBGHELP.DLL
0x00007ffeff9e0000 - 0x00007ffeffa11000 	C:\windows\SYSTEM32\dbgcore.DLL
0x00007fff1bed0000 - 0x00007fff1bf4f000 	C:\windows\System32\bcryptPrimitives.dll
0x00007fff07480000 - 0x00007fff074a5000 	C:\Program Files\Java\jdk-18.0.1.1\bin\java.dll

dbghelp: loaded successfully - version: 4.0.5 - missing functions: none
symbol engine: initialized successfully - sym options: 0x614 - pdb path: .;C:\Program Files\Java\jdk-18.0.1.1\bin;C:\windows\SYSTEM32;C:\windows\WinSxS\amd64_microsoft.windows.common-controls_6595b64144ccf1df_6.0.22000.120_none_9d947278b86cc467;C:\Program Files\Java\jdk-18.0.1.1\bin\server

VM Arguments:
jvm_args: -Dfile.encoding=UTF-8 --module-path=C:\Users\prath\OneDrive\Documents\NetBeansProjects\University Management System\build\classes -Xms512m 
java_command: university.management.system.AddStudent
java_class_path (initial): E:\Core java\mysql-connector-java-8.0.28.jar;E:\Core java\jcalendar-tz-1.3.3-4.jar;C:\Users\prath\OneDrive\Documents\NetBeansProjects\University Management System\build\classes
Launcher Type: SUN_STANDARD

[Global flags]
     intx CICompilerCount                          = 4                                         {product} {ergonomic}
     uint ConcGCThreads                            = 3                                         {product} {ergonomic}
     uint G1ConcRefinementThreads                  = 10                                        {product} {ergonomic}
   size_t G1HeapRegionSize                         = 1048576                                   {product} {ergonomic}
    uintx GCDrainStackTargetSize                   = 64                                        {product} {ergonomic}
   size_t InitialHeapSize                          = 536870912                                 {product} {command line}
   size_t MarkStackSize                            = 4194304                                   {product} {ergonomic}
   size_t MaxHeapSize                              = 1973420032                                {product} {ergonomic}
   size_t MinHeapDeltaBytes                        = 1048576                                   {product} {ergonomic}
   size_t MinHeapSize                              = 536870912                                 {product} {command line}
    uintx NonNMethodCodeHeapSize                   = 5839372                                {pd product} {ergonomic}
    uintx NonProfiledCodeHeapSize                  = 122909434                              {pd product} {ergonomic}
    uintx ProfiledCodeHeapSize                     = 122909434                              {pd product} {ergonomic}
    uintx ReservedCodeCacheSize                    = 251658240                              {pd product} {ergonomic}
     bool SegmentedCodeCache                       = true                                      {product} {ergonomic}
   size_t SoftMaxHeapSize                          = 1973420032                             {manageable} {ergonomic}
     bool UseCompressedClassPointers               = true                           {product lp64_product} {ergonomic}
     bool UseCompressedOops                        = true                           {product lp64_product} {ergonomic}
     bool UseG1GC                                  = true                                      {product} {ergonomic}
     bool UseLargePagesIndividualAllocation        = false                                  {pd product} {ergonomic}

Logging:
Log output configuration:
 #0: stdout all=warning uptime,level,tags foldmultilines=false
 #1: stderr all=off uptime,level,tags foldmultilines=false

Environment Variables:
JAVA_HOME=C:\Program Files\Java\jdk-18.0.1.1
_JAVA_OPTIONS=-Xms512m
PATH=C:\Program Files\Common Files\Oracle\Java\javapath;C:\windows\system32;C:\windows;C:\windows\System32\Wbem;C:\windows\System32\WindowsPowerShell\v1.0\;C:\windows\System32\OpenSSH\;C:\Program Files (x86)\NVIDIA Corporation\PhysX\Common;C:\Program Files\NVIDIA Corporation\NVIDIA NvDLISR;C:\MinGW\bin;C:\MinGW\msys\1.0\bin;C:\MinGW\bin;C:\Program Files\Java\jdk-18.0.1.1\bin;C:\java;C:\Program Files\Git\cmd;C:\Program Files\Java\jdk-18.0.1.1\bin;C:\Program Files\MySQL\MySQL Shell 8.0\bin\;C:\Users\prath\AppData\Local\Microsoft\WindowsApps;C:\MinGW\bin;C:\MinGW\msys\1.0\bin;C:\Program Files\JetBrains\IntelliJ IDEA Community Edition 2022.1.3\bin;;C:\Users\prath\AppData\Local\Programs\Microsoft VS Code\bin
USERNAME=prath
OS=Windows_NT
PROCESSOR_IDENTIFIER=AMD64 Family 25 Model 80 Stepping 0, AuthenticAMD



---------------  S Y S T E M  ---------------

OS:
 Windows 11 , 64 bit Build 22000 (10.0.22000.708)
OS uptime: 2 days 6:12 hours
Hyper-V role detected

CPU: total 12 (initial active 12) (12 cores per cpu, 2 threads per core) family 25 model 80 stepping 0 microcode 0x0, cx8, cmov, fxsr, ht, mmx, 3dnowpref, sse, sse2, sse3, ssse3, sse4a, sse4.1, sse4.2, popcnt, lzcnt, tsc, tscinvbit, avx, avx2, aes, erms, clmul, bmi1, bmi2, adx, sha, fma, vzeroupper, clflush, clflushopt, hv

Memory: 4k page, system-wide physical 7524M (956M free)
TotalPageFile size 30935M (AvailPageFile size 211M)
current process WorkingSet (physical memory assigned to process): 10M, peak: 10M
current process commit charge ("private bytes"): 64M, peak: 576M

vm_info: Java HotSpot(TM) 64-Bit Server VM (18.0.1.1+2-6) for windows-amd64 JRE (18.0.1.1+2-6), built on Apr 25 2022 21:53:15 by "mach5one" with MS VC++ 16.8 / 16.9 (VS2019)

END.
